[debug] [2021-08-05T14:23:44.954Z] ----------------------------------------------------------------------
[debug] [2021-08-05T14:23:44.959Z] Command:       /usr/bin/node /usr/local/bin/firebase init
[debug] [2021-08-05T14:23:44.959Z] CLI Version:   9.16.0
[debug] [2021-08-05T14:23:44.959Z] Platform:      linux
[debug] [2021-08-05T14:23:44.959Z] Node Version:  v12.22.1
[debug] [2021-08-05T14:23:44.960Z] Time:          Thu Aug 05 2021 17:23:44 GMT+0300 (Arabian Standard Time)
[debug] [2021-08-05T14:23:44.961Z] ----------------------------------------------------------------------
[debug] 
[debug] [2021-08-05T14:23:45.061Z] > command requires scopes: ["email","openid","https://www.googleapis.com/auth/cloudplatformprojects.readonly","https://www.googleapis.com/auth/firebase","https://www.googleapis.com/auth/cloud-platform"]
[debug] [2021-08-05T14:23:45.062Z] > authorizing via signed-in user (am33r98@gmail.com)
[info] 
     ######## #### ########  ######## ########     ###     ######  ########
     ##        ##  ##     ## ##       ##     ##  ##   ##  ##       ##
     ######    ##  ########  ######   ########  #########  ######  ######
     ##        ##  ##    ##  ##       ##     ## ##     ##       ## ##
     ##       #### ##     ## ######## ########  ##     ##  ######  ########

You're about to initialize a Firebase project in this directory:

  /home/os/projects/Uowcos/Uowcos (copy)

Before we get started, keep in mind:

  * You are initializing within an existing Firebase project directory

[info] 
=== Project Setup
[info] 
[info] First, let's associate this project directory with a Firebase project.
[info] You can create multiple project aliases by running firebase use --add, 
[info] but for now we'll just set up a default project.
[info] 
[info] i  .firebaserc already has a default project, using uowcos. 
[debug] [2021-08-05T14:23:50.101Z] >>> [apiv2][query] GET https://firebase.googleapis.com/v1beta1/projects/uowcos [none]
[debug] [2021-08-05T14:23:50.605Z] <<< [apiv2][status] GET https://firebase.googleapis.com/v1beta1/projects/uowcos 200
[debug] [2021-08-05T14:23:50.605Z] <<< [apiv2][body] GET https://firebase.googleapis.com/v1beta1/projects/uowcos {"projectId":"uowcos","projectNumber":"438357627973","displayName":"UoW of Computer Science","name":"projects/uowcos","resources":{"hostingSite":"uowcos","realtimeDatabaseInstance":"uowcos","storageBucket":"uowcos.appspot.com","locationId":"us-central"},"state":"ACTIVE"}
[info] 
=== Hosting Setup
[info] 
[info] Your public directory is the folder (relative to your project directory) that
[info] will contain Hosting assets to be uploaded with firebase deploy. If you
[info] have a build process for your assets, use your build's output directory.
[info] 
[debug] [2021-08-05T14:23:56.512Z] >>> [apiv2][query] GET https://www.gstatic.com/firebasejs/releases.json [none]
[debug] [2021-08-05T14:23:57.371Z] <<< [apiv2][status] GET https://www.gstatic.com/firebasejs/releases.json 200
[debug] [2021-08-05T14:23:57.372Z] <<< [apiv2][body] GET https://www.gstatic.com/firebasejs/releases.json {"current":{"version":"8.8.1","browserURL":"https://www.gstatic.com/firebasejs/8.8.1/firebase.js","packageURL":"https://www.gstatic.com/firebasejs/8.8.1/firebase.tgz"},"live":{"version":"8.8","browserURL":"https://www.gstatic.com/firebasejs/live/8.8/firebase.js","packageURL":"https://www.gstatic.com/firebasejs/live/8.8/firebase.tgz"},"components":{"analytics":"https://www.gstatic.com/firebasejs/8.8.1/firebase-analytics.js","app":"https://www.gstatic.com/firebasejs/8.8.1/firebase-app.js","app-check":"https://www.gstatic.com/firebasejs/8.8.1/firebase-app-check.js","auth":"https://www.gstatic.com/firebasejs/8.8.1/firebase-auth.js","database":"https://www.gstatic.com/firebasejs/8.8.1/firebase-database.js","firestore":"https://www.gstatic.com/firebasejs/8.8.1/firebase-firestore.js","functions":"https://www.gstatic.com/firebasejs/8.8.1/firebase-functions.js","installations":"https://www.gstatic.com/firebasejs/8.8.1/firebase-installations.js","messaging":"https://www.gstatic.com/firebasejs/8.8.1/firebase-messaging.js","storage":"https://www.gstatic.com/firebasejs/8.8.1/firebase-storage.js","performance":"https://www.gstatic.com/firebasejs/8.8.1/firebase-performance.js","remote-config":"https://www.gstatic.com/firebasejs/8.8.1/firebase-remote-config.js","firestore.memory":"https://www.gstatic.com/firebasejs/8.8.1/firebase-firestore.memory.js"}}
[info] ✔  Wrote public/index.html 
[info] 
[info] i  Detected a .git folder at /home/os/projects/Uowcos/Uowcos (copy) 
[info] i  Authorizing with GitHub to upload your service account to a GitHub repository's secrets store. 
[info] 
[info] Visit this URL on this device to log in:
[info] https://github.com/login/oauth/authorize?client_id=89cf50f02ac6aaed3484&state=576434750&redirect_uri=http%3A%2F%2Flocalhost%3A9006&scope=read%3Auser%20repo%20public_repo
[info] 
[info] Waiting for authentication...
